2022-03-17 11:21:49.497  INFO 12092 --- [restartedMain] com.example.infosyskaggleexercise.App    : Starting App using Java 17 on ssjlee93 with PID 12092 (C:\Users\sjlee\OneDrive\codespace\infosys-kaggle-exercise\target\classes started by sjlee in C:\Users\sjlee\OneDrive\codespace\infosys-kaggle-exercise)
2022-03-17 11:21:49.498 DEBUG 12092 --- [restartedMain] com.example.infosyskaggleexercise.App    : Running with Spring Boot v2.6.4, Spring v5.3.16
2022-03-17 11:21:49.499  INFO 12092 --- [restartedMain] com.example.infosyskaggleexercise.App    : No active profile set, falling back to 1 default profile: "default"
2022-03-17 11:21:49.567  INFO 12092 --- [restartedMain] .e.DevToolsPropertyDefaultsPostProcessor : Devtools property defaults active! Set 'spring.devtools.add-properties' to 'false' to disable
2022-03-17 11:21:49.570  INFO 12092 --- [restartedMain] .e.DevToolsPropertyDefaultsPostProcessor : For additional web related logging consider setting the 'logging.level.web' property to 'DEBUG'
2022-03-17 11:21:50.582  INFO 12092 --- [restartedMain] .s.d.r.c.RepositoryConfigurationDelegate : Bootstrapping Spring Data JPA repositories in DEFAULT mode.
2022-03-17 11:21:50.700  INFO 12092 --- [restartedMain] .s.d.r.c.RepositoryConfigurationDelegate : Finished Spring Data repository scanning in 95 ms. Found 2 JPA repository interfaces.
2022-03-17 11:21:51.766  INFO 12092 --- [restartedMain] o.s.b.w.embedded.tomcat.TomcatWebServer  : Tomcat initialized with port(s): 8080 (http)
2022-03-17 11:21:51.783  INFO 12092 --- [restartedMain] o.apache.catalina.core.StandardService   : Starting service [Tomcat]
2022-03-17 11:21:51.784  INFO 12092 --- [restartedMain] org.apache.catalina.core.StandardEngine  : Starting Servlet engine: [Apache Tomcat/9.0.58]
2022-03-17 11:21:51.973  INFO 12092 --- [restartedMain] o.a.c.c.C.[Tomcat].[localhost].[/]       : Initializing Spring embedded WebApplicationContext
2022-03-17 11:21:51.974  INFO 12092 --- [restartedMain] w.s.c.ServletWebServerApplicationContext : Root WebApplicationContext: initialization completed in 2404 ms
2022-03-17 11:21:52.310  INFO 12092 --- [restartedMain] com.zaxxer.hikari.HikariDataSource       : HikariPool-1 - Starting...
2022-03-17 11:21:52.520  INFO 12092 --- [restartedMain] com.zaxxer.hikari.HikariDataSource       : HikariPool-1 - Start completed.
2022-03-17 11:21:52.581  INFO 12092 --- [restartedMain] o.hibernate.jpa.internal.util.LogHelper  : HHH000204: Processing PersistenceUnitInfo [name: default]
2022-03-17 11:21:52.657  INFO 12092 --- [restartedMain] org.hibernate.Version                    : HHH000412: Hibernate ORM core version 5.6.5.Final
2022-03-17 11:21:52.900  INFO 12092 --- [restartedMain] o.hibernate.annotations.common.Version   : HCANN000001: Hibernate Commons Annotations {5.1.2.Final}
2022-03-17 11:21:53.118  INFO 12092 --- [restartedMain] org.hibernate.dialect.Dialect            : HHH000400: Using dialect: org.hibernate.dialect.MySQL8Dialect
2022-03-17 11:21:53.866  INFO 12092 --- [restartedMain] o.h.e.t.j.p.i.JtaPlatformInitiator       : HHH000490: Using JtaPlatform implementation: [org.hibernate.engine.transaction.jta.platform.internal.NoJtaPlatform]
2022-03-17 11:21:53.877  INFO 12092 --- [restartedMain] j.LocalContainerEntityManagerFactoryBean : Initialized JPA EntityManagerFactory for persistence unit 'default'
2022-03-17 11:21:54.321  WARN 12092 --- [restartedMain] JpaBaseConfiguration$JpaWebConfiguration : spring.jpa.open-in-view is enabled by default. Therefore, database queries may be performed during view rendering. Explicitly configure spring.jpa.open-in-view to disable this warning
2022-03-17 11:21:54.409  INFO 12092 --- [restartedMain] .s.s.UserDetailsServiceAutoConfiguration : 

Using generated security password: 5f5c9fc1-bf20-4bdb-ab9b-4401442b5f83

2022-03-17 11:21:54.821  INFO 12092 --- [restartedMain] o.s.s.web.DefaultSecurityFilterChain     : Will not secure any request
2022-03-17 11:21:55.117  INFO 12092 --- [restartedMain] o.s.b.d.a.OptionalLiveReloadServer       : LiveReload server is running on port 35729
2022-03-17 11:21:55.184  INFO 12092 --- [restartedMain] o.s.b.w.embedded.tomcat.TomcatWebServer  : Tomcat started on port(s): 8080 (http) with context path ''
2022-03-17 11:21:55.196  INFO 12092 --- [restartedMain] com.example.infosyskaggleexercise.App    : Started App in 6.299 seconds (JVM running for 6.949)
2022-03-17 11:23:22.310  INFO 12092 --- [SpringApplicationShutdownHook] j.LocalContainerEntityManagerFactoryBean : Closing JPA EntityManagerFactory for persistence unit 'default'
2022-03-17 11:23:22.314  INFO 12092 --- [SpringApplicationShutdownHook] com.zaxxer.hikari.HikariDataSource       : HikariPool-1 - Shutdown initiated...
2022-03-17 11:23:22.331  INFO 12092 --- [SpringApplicationShutdownHook] com.zaxxer.hikari.HikariDataSource       : HikariPool-1 - Shutdown completed.
2022-03-17 11:24:21.738  INFO 19508 --- [restartedMain] com.example.infosyskaggleexercise.App    : Starting App using Java 17 on ssjlee93 with PID 19508 (C:\Users\sjlee\OneDrive\codespace\infosys-kaggle-exercise\target\classes started by sjlee in C:\Users\sjlee\OneDrive\codespace\infosys-kaggle-exercise)
2022-03-17 11:24:21.740 DEBUG 19508 --- [restartedMain] com.example.infosyskaggleexercise.App    : Running with Spring Boot v2.6.4, Spring v5.3.16
2022-03-17 11:24:21.741  INFO 19508 --- [restartedMain] com.example.infosyskaggleexercise.App    : No active profile set, falling back to 1 default profile: "default"
2022-03-17 11:24:21.823  INFO 19508 --- [restartedMain] .e.DevToolsPropertyDefaultsPostProcessor : Devtools property defaults active! Set 'spring.devtools.add-properties' to 'false' to disable
2022-03-17 11:24:21.823  INFO 19508 --- [restartedMain] .e.DevToolsPropertyDefaultsPostProcessor : For additional web related logging consider setting the 'logging.level.web' property to 'DEBUG'
2022-03-17 11:24:22.757  INFO 19508 --- [restartedMain] .s.d.r.c.RepositoryConfigurationDelegate : Bootstrapping Spring Data JPA repositories in DEFAULT mode.
2022-03-17 11:24:22.859  INFO 19508 --- [restartedMain] .s.d.r.c.RepositoryConfigurationDelegate : Finished Spring Data repository scanning in 80 ms. Found 2 JPA repository interfaces.
2022-03-17 11:24:23.878  INFO 19508 --- [restartedMain] o.s.b.w.embedded.tomcat.TomcatWebServer  : Tomcat initialized with port(s): 8080 (http)
2022-03-17 11:24:23.897  INFO 19508 --- [restartedMain] o.apache.catalina.core.StandardService   : Starting service [Tomcat]
2022-03-17 11:24:23.897  INFO 19508 --- [restartedMain] org.apache.catalina.core.StandardEngine  : Starting Servlet engine: [Apache Tomcat/9.0.58]
2022-03-17 11:24:24.026  INFO 19508 --- [restartedMain] o.a.c.c.C.[Tomcat].[localhost].[/]       : Initializing Spring embedded WebApplicationContext
2022-03-17 11:24:24.026  INFO 19508 --- [restartedMain] w.s.c.ServletWebServerApplicationContext : Root WebApplicationContext: initialization completed in 2202 ms
2022-03-17 11:24:24.299  INFO 19508 --- [restartedMain] com.zaxxer.hikari.HikariDataSource       : HikariPool-1 - Starting...
2022-03-17 11:24:24.465  INFO 19508 --- [restartedMain] com.zaxxer.hikari.HikariDataSource       : HikariPool-1 - Start completed.
2022-03-17 11:24:24.528  INFO 19508 --- [restartedMain] o.hibernate.jpa.internal.util.LogHelper  : HHH000204: Processing PersistenceUnitInfo [name: default]
2022-03-17 11:24:24.589  INFO 19508 --- [restartedMain] org.hibernate.Version                    : HHH000412: Hibernate ORM core version 5.6.5.Final
2022-03-17 11:24:24.810  INFO 19508 --- [restartedMain] o.hibernate.annotations.common.Version   : HCANN000001: Hibernate Commons Annotations {5.1.2.Final}
2022-03-17 11:24:24.998  INFO 19508 --- [restartedMain] org.hibernate.dialect.Dialect            : HHH000400: Using dialect: org.hibernate.dialect.MySQL8Dialect
2022-03-17 11:24:25.776  INFO 19508 --- [restartedMain] o.h.e.t.j.p.i.JtaPlatformInitiator       : HHH000490: Using JtaPlatform implementation: [org.hibernate.engine.transaction.jta.platform.internal.NoJtaPlatform]
2022-03-17 11:24:25.788  INFO 19508 --- [restartedMain] j.LocalContainerEntityManagerFactoryBean : Initialized JPA EntityManagerFactory for persistence unit 'default'
2022-03-17 11:24:26.247  WARN 19508 --- [restartedMain] JpaBaseConfiguration$JpaWebConfiguration : spring.jpa.open-in-view is enabled by default. Therefore, database queries may be performed during view rendering. Explicitly configure spring.jpa.open-in-view to disable this warning
2022-03-17 11:24:26.338  INFO 19508 --- [restartedMain] .s.s.UserDetailsServiceAutoConfiguration : 

Using generated security password: d668f6d9-3f34-4d60-976e-55e561531f9c

2022-03-17 11:24:26.710  INFO 19508 --- [restartedMain] o.s.s.web.DefaultSecurityFilterChain     : Will not secure any request
2022-03-17 11:24:27.004  INFO 19508 --- [restartedMain] o.s.b.d.a.OptionalLiveReloadServer       : LiveReload server is running on port 35729
2022-03-17 11:24:27.074  INFO 19508 --- [restartedMain] o.s.b.w.embedded.tomcat.TomcatWebServer  : Tomcat started on port(s): 8080 (http) with context path ''
2022-03-17 11:24:27.088  INFO 19508 --- [restartedMain] com.example.infosyskaggleexercise.App    : Started App in 6.141 seconds (JVM running for 6.924)
2022-03-17 11:24:46.578  INFO 19508 --- [SpringApplicationShutdownHook] j.LocalContainerEntityManagerFactoryBean : Closing JPA EntityManagerFactory for persistence unit 'default'
2022-03-17 11:24:46.582  INFO 19508 --- [SpringApplicationShutdownHook] com.zaxxer.hikari.HikariDataSource       : HikariPool-1 - Shutdown initiated...
2022-03-17 11:24:46.594  INFO 19508 --- [SpringApplicationShutdownHook] com.zaxxer.hikari.HikariDataSource       : HikariPool-1 - Shutdown completed.
